Base path: C:/Program Files/Unity/Editor/Data
Pipe name: \\.\pipe\UnityShaderCompiler-64bit-1-7752
Cmd: getPlatforms
Cmd: preprocess
  insize=1521 outsize=399 ok=1
Cmd: compileSnippet
  api=4 type=0 insize=1424 outsize=990 kw= ok=1
Cmd: compileSnippet
  api=4 type=1 insize=1424 outsize=2566 kw= ok=1
Cmd: preprocess
  insize=2720 outsize=484 ok=1
Cmd: compileSnippet
  api=4 type=0 insize=2538 outsize=3435 kw= ok=1
Cmd: compileSnippet
  api=4 type=1 insize=2538 outsize=1786 kw= ok=1
Cmd: preprocess
  insize=1536 outsize=399 ok=1
Cmd: compileSnippet
  api=4 type=0 insize=1438 outsize=990 kw= ok=1
Cmd: compileSnippet
  api=4 type=1 insize=1438 outsize=982 kw= ok=1
Cmd: preprocess
  insize=1461 outsize=366 ok=1
Cmd: compileSnippet
  api=4 type=0 insize=1395 outsize=990 kw= ok=1
Cmd: compileSnippet
  api=4 type=1 insize=1395 outsize=1242 kw= ok=1
Cmd: preprocess
  insize=1493 outsize=324 ok=1
Cmd: compileSnippet
  api=4 type=0 insize=1469 outsize=1916 kw= ok=1
Cmd: compileSnippet
  api=4 type=1 insize=1469 outsize=795 kw= ok=1
Cmd: preprocess
  insize=2739 outsize=485 ok=1
Cmd: compileSnippet
  api=4 type=0 insize=2556 outsize=3435 kw= ok=1
Cmd: compileSnippet
  api=4 type=1 insize=2556 outsize=1770 kw= ok=1
Cmd: preprocess
  insize=1299 outsize=336 ok=1
Cmd: compileSnippet
  api=4 type=0 insize=1263 outsize=990 kw= ok=1
Cmd: compileSnippet
  api=4 type=1 insize=1263 outsize=527 kw= ok=1
Cmd: preprocess
  insize=13485 outsize=3434 ok=1
Cmd: compileSnippet
  api=4 type=0 insize=5831 outsize=1112 kw=DIRECTIONAL SHADOWS_OFF LIGHTMAP_OFF DIRLIGHTMAP_OFF DYNAMICLIGHTMAP_OFF ok=1
Cmd: compileSnippet
  api=4 type=1 insize=5831 outsize=616 kw=DIRECTIONAL SHADOWS_OFF LIGHTMAP_OFF DIRLIGHTMAP_OFF DYNAMICLIGHTMAP_OFF ok=1
Cmd: compileSnippet
  api=4 type=2 insize=5831 outsize=4930 kw=DIRECTIONAL SHADOWS_OFF LIGHTMAP_OFF DIRLIGHTMAP_OFF DYNAMICLIGHTMAP_OFF ok=1
Cmd: compileSnippet
  api=4 type=3 insize=5831 outsize=4524 kw=DIRECTIONAL SHADOWS_OFF LIGHTMAP_OFF DIRLIGHTMAP_OFF DYNAMICLIGHTMAP_OFF ok=1
Cmd: compileSnippet
  api=4 type=0 insize=4962 outsize=884 kw=SHADOWS_DEPTH ok=1
Cmd: compileSnippet
  api=4 type=1 insize=4962 outsize=518 kw=SHADOWS_DEPTH ok=1
Cmd: compileSnippet
  api=4 type=2 insize=4962 outsize=4800 kw=SHADOWS_DEPTH ok=1
Cmd: compileSnippet
  api=4 type=3 insize=4962 outsize=4150 kw=SHADOWS_DEPTH ok=1
Cmd: preprocess
  insize=1739 outsize=435 ok=1
Cmd: compileSnippet
  api=4 type=0 insize=1605 outsize=990 kw= ok=1
Cmd: compileSnippet
  api=4 type=1 insize=1605 outsize=1632 kw= ok=1
Cmd: preprocess
  insize=1291 outsize=328 ok=1
Cmd: preprocess
  insize=1397 outsize=358 ok=1
Cmd: compileSnippet
  api=4 type=0 insize=1339 outsize=990 kw= ok=1
Cmd: compileSnippet
  api=4 type=1 insize=1339 outsize=1648 kw= ok=1
Cmd: preprocess
  insize=1515 outsize=393 ok=1
Cmd: compileSnippet
  api=4 type=0 insize=1423 outsize=990 kw= ok=1
Cmd: compileSnippet
  api=4 type=1 insize=1423 outsize=900 kw= ok=1
Cmd: preprocess
  insize=1667 outsize=407 ok=1
Cmd: compileSnippet
  api=4 type=0 insize=1561 outsize=990 kw= ok=1
Cmd: compileSnippet
  api=4 type=1 insize=1561 outsize=1323 kw= ok=1
Cmd: preprocess
  insize=2068 outsize=492 ok=1
Cmd: compileSnippet
  api=4 type=0 insize=1878 outsize=990 kw= ok=1
Cmd: compileSnippet
  api=4 type=1 insize=1878 outsize=1648 kw= ok=1
Cmd: preprocess
  insize=2126 outsize=486 ok=1
Cmd: compileSnippet
  api=4 type=0 insize=1940 outsize=990 kw= ok=1
Cmd: compileSnippet
  api=4 type=1 insize=1940 outsize=1623 kw= ok=1
Cmd: preprocess
  insize=3969 outsize=2388 ok=1
Cmd: compileSnippet
  api=4 type=0 insize=1917 outsize=1193 kw=DIRECTIONAL SHADOWS_OFF LIGHTMAP_OFF DIRLIGHTMAP_OFF DYNAMICLIGHTMAP_OFF ok=1
Cmd: compileSnippet
  api=4 type=1 insize=1917 outsize=1038 kw=DIRECTIONAL SHADOWS_OFF LIGHTMAP_OFF DIRLIGHTMAP_OFF DYNAMICLIGHTMAP_OFF ok=1
Cmd: preprocess
  insize=1767 outsize=462 ok=1
Cmd: compileSnippet
  api=4 type=0 insize=1607 outsize=990 kw= ok=1
Cmd: compileSnippet
  api=4 type=1 insize=1607 outsize=1274 kw= ok=1
Cmd: preprocess
  insize=1157 outsize=331 ok=1
Cmd: compileSnippet
  api=4 type=0 insize=1126 outsize=762 kw= ok=1
Cmd: compileSnippet
  api=4 type=1 insize=1126 outsize=648 kw= ok=1
Cmd: preprocess
  insize=18798 outsize=3082 ok=1
Cmd: compileSnippet
  error: 1 plat 4 at (121): implicit truncation of vector type\nCompiling Vertex program with DIRECTIONAL SHADOWS_OFF LIGHTMAP_OFF DIRLIGHTMAP_OFF DYNAMICLIGHTMAP_OFF
  error: 2 plat 4 at (131): unrecognized identifier 'Unity_GlossyEnvironmentData'\nCompiling Vertex program with DIRECTIONAL SHADOWS_OFF LIGHTMAP_OFF DIRLIGHTMAP_OFF DYNAMICLIGHTMAP_OFF
  error: 2 plat 4 at (131): unrecognized identifier 'ugls_en_data'\nCompiling Vertex program with DIRECTIONAL SHADOWS_OFF LIGHTMAP_OFF DIRLIGHTMAP_OFF DYNAMICLIGHTMAP_OFF
  api=4 type=0 insize=8356 outsize=0 kw=DIRECTIONAL SHADOWS_OFF LIGHTMAP_OFF DIRLIGHTMAP_OFF DYNAMICLIGHTMAP_OFF ok=0
Cmd: preprocess
  insize=1622 outsize=433 ok=1
Cmd: compileSnippet
  api=4 type=0 insize=1491 outsize=990 kw= ok=1
Cmd: compileSnippet
  api=4 type=1 insize=1491 outsize=1388 kw= ok=1
Cmd: preprocess
  insize=1540 outsize=398 ok=1
Cmd: compileSnippet
  api=4 type=0 insize=1444 outsize=990 kw= ok=1
Cmd: compileSnippet
  api=4 type=1 insize=1444 outsize=2688 kw= ok=1
Cmd: preprocess
  insize=1604 outsize=411 ok=1
Cmd: compileSnippet
  api=4 type=0 insize=1495 outsize=990 kw= ok=1
Cmd: compileSnippet
  api=4 type=1 insize=1495 outsize=1518 kw= ok=1
Cmd: preprocess
  insize=2059 outsize=482 ok=1
Cmd: compileSnippet
  api=4 type=0 insize=1877 outsize=990 kw= ok=1
Cmd: compileSnippet
  api=4 type=1 insize=1877 outsize=1372 kw= ok=1
Cmd: preprocess
  insize=1464 outsize=328 ok=1
Cmd: compileSnippet
  api=4 type=0 insize=1435 outsize=1372 kw= ok=1
Cmd: compileSnippet
  api=4 type=1 insize=1435 outsize=933 kw= ok=1
Cmd: preprocess
  insize=1393 outsize=353 ok=1
Cmd: compileSnippet
  api=4 type=0 insize=1338 outsize=990 kw= ok=1
Cmd: compileSnippet
  api=4 type=1 insize=1338 outsize=835 kw= ok=1
Cmd: preprocess
  insize=1397 outsize=358 ok=1
Cmd: compileSnippet
  api=4 type=0 insize=1339 outsize=990 kw= ok=1
Cmd: compileSnippet
  api=4 type=1 insize=1339 outsize=2127 kw= ok=1
Cmd: preprocess
  insize=2104 outsize=484 ok=1
Cmd: compileSnippet
  api=4 type=0 insize=1922 outsize=990 kw= ok=1
Cmd: compileSnippet
  api=4 type=1 insize=1922 outsize=1437 kw= ok=1
Cmd: preprocess
  insize=1393 outsize=354 ok=1
Cmd: compileSnippet
  api=4 type=0 insize=1338 outsize=990 kw= ok=1
Cmd: compileSnippet
  api=4 type=1 insize=1338 outsize=754 kw= ok=1
Cmd: preprocess
  insize=1522 outsize=394 ok=1
Cmd: compileSnippet
  api=4 type=0 insize=1430 outsize=990 kw= ok=1
Cmd: compileSnippet
  api=4 type=1 insize=1430 outsize=957 kw= ok=1
Cmd: preprocess
  insize=1520 outsize=394 ok=1
Cmd: compileSnippet
  api=4 type=0 insize=1428 outsize=990 kw= ok=1
Cmd: compileSnippet
  api=4 type=1 insize=1428 outsize=908 kw= ok=1
Cmd: preprocess
  insize=1878 outsize=497 ok=1
Cmd: compileSnippet
  api=4 type=0 insize=1683 outsize=990 kw= ok=1
Cmd: compileSnippet
  api=4 type=1 insize=1683 outsize=1461 kw= ok=1
Cmd: preprocess
  insize=1395 outsize=356 ok=1
Cmd: compileSnippet
  api=4 type=0 insize=1339 outsize=990 kw= ok=1
Cmd: compileSnippet
  api=4 type=1 insize=1339 outsize=982 kw= ok=1
Cmd: preprocess
  insize=2202 outsize=406 ok=1
Cmd: compileSnippet
  api=4 type=0 insize=2098 outsize=1721 kw= ok=1
Cmd: compileSnippet
  api=4 type=1 insize=2098 outsize=1355 kw= ok=1
Cmd: preprocess
  insize=1602 outsize=408 ok=1
Cmd: compileSnippet
  api=4 type=0 insize=1496 outsize=990 kw= ok=1
Cmd: compileSnippet
  api=4 type=1 insize=1496 outsize=1518 kw= ok=1
Cmd: preprocess
  insize=6456 outsize=2753 ok=1
Cmd: compileSnippet
  api=4 type=0 insize=2262 outsize=2338 kw=DIRECTIONAL SHADOWS_OFF LIGHTMAP_OFF DIRLIGHTMAP_OFF DYNAMICLIGHTMAP_OFF ok=1
Cmd: compileSnippet
  api=4 type=1 insize=2262 outsize=738 kw=DIRECTIONAL SHADOWS_OFF LIGHTMAP_OFF DIRLIGHTMAP_OFF DYNAMICLIGHTMAP_OFF ok=1
Cmd: compileSnippet
  api=4 type=0 insize=2081 outsize=1680 kw= ok=1
Cmd: compileSnippet
  api=4 type=1 insize=2081 outsize=1851 kw= ok=1
Cmd: preprocess
  insize=1390 outsize=356 ok=1
Cmd: compileSnippet
  api=4 type=0 insize=1333 outsize=990 kw= ok=1
Cmd: compileSnippet
  api=4 type=1 insize=1333 outsize=713 kw= ok=1
Cmd: preprocess
  insize=1397 outsize=358 ok=1
Cmd: compileSnippet
  api=4 type=0 insize=1339 outsize=990 kw= ok=1
Cmd: compileSnippet
  api=4 type=1 insize=1339 outsize=1558 kw= ok=1
Cmd: preprocess
  insize=2516 outsize=642 ok=1
Cmd: compileSnippet
  api=4 type=0 insize=2176 outsize=990 kw= ok=1
Cmd: compileSnippet
  api=4 type=1 insize=2176 outsize=2940 kw= ok=1
Cmd: preprocess
  insize=1402 outsize=361 ok=1
Cmd: compileSnippet
  api=4 type=0 insize=1341 outsize=990 kw= ok=1
Cmd: compileSnippet
  api=4 type=1 insize=1341 outsize=835 kw= ok=1
Cmd: preprocess
  insize=1579 outsize=449 ok=1
Cmd: compileSnippet
  api=4 type=0 insize=1431 outsize=990 kw= ok=1
Cmd: compileSnippet
  api=4 type=1 insize=1431 outsize=803 kw= ok=1
Cmd: preprocess
  insize=1635 outsize=426 ok=1
Cmd: compileSnippet
  api=4 type=0 insize=1511 outsize=990 kw= ok=1
Cmd: compileSnippet
  api=4 type=1 insize=1511 outsize=1112 kw= ok=1
Cmd: preprocess
  insize=1604 outsize=410 ok=1
Cmd: compileSnippet
  api=4 type=0 insize=1496 outsize=990 kw= ok=1
Cmd: compileSnippet
  api=4 type=1 insize=1496 outsize=1518 kw= ok=1
Cmd: preprocess
  insize=1540 outsize=407 ok=1
Cmd: compileSnippet
  api=4 type=0 insize=1435 outsize=990 kw= ok=1
Cmd: compileSnippet
  api=4 type=1 insize=1435 outsize=900 kw= ok=1
Cmd: preprocess
  insize=1566 outsize=441 ok=1
Cmd: compileSnippet
  api=4 type=0 insize=1427 outsize=990 kw= ok=1
Cmd: compileSnippet
  api=4 type=1 insize=1427 outsize=876 kw= ok=1
Cmd: preprocess
  insize=4541 outsize=2816 ok=1
Cmd: compileSnippet
  api=4 type=0 insize=2061 outsize=1193 kw=DIRECTIONAL SHADOWS_OFF LIGHTMAP_OFF DIRLIGHTMAP_OFF DYNAMICLIGHTMAP_OFF ok=1
Cmd: compileSnippet
  api=4 type=1 insize=2061 outsize=1120 kw=DIRECTIONAL SHADOWS_OFF LIGHTMAP_OFF DIRLIGHTMAP_OFF DYNAMICLIGHTMAP_OFF ok=1
Cmd: preprocess
  insize=1665 outsize=435 ok=1
Cmd: compileSnippet
  api=4 type=0 insize=1532 outsize=990 kw= ok=1
Cmd: compileSnippet
  api=4 type=1 insize=1532 outsize=1087 kw= ok=1
Cmd: preprocess
  insize=2117 outsize=406 ok=1
Cmd: compileSnippet
  api=4 type=0 insize=2013 outsize=2387 kw= ok=1
Cmd: compileSnippet
  api=4 type=1 insize=2013 outsize=1315 kw= ok=1
Cmd: preprocess
  insize=780 outsize=288 ok=1
Cmd: compileSnippet
  api=4 type=0 insize=791 outsize=990 kw= ok=1
Cmd: compileSnippet
  api=4 type=1 insize=791 outsize=908 kw= ok=1
Cmd: preprocess
  insize=1397 outsize=356 ok=1
Cmd: compileSnippet
  api=4 type=0 insize=1340 outsize=990 kw= ok=1
Cmd: compileSnippet
  api=4 type=1 insize=1340 outsize=754 kw= ok=1
Cmd: preprocess
  insize=12274 outsize=4155 ok=1
Cmd: compileSnippet
  api=4 type=0 insize=4439 outsize=2387 kw=DIRECTIONAL SHADOWS_OFF LIGHTMAP_OFF DIRLIGHTMAP_OFF DYNAMICLIGHTMAP_OFF ok=1
Cmd: compileSnippet
  api=4 type=1 insize=4439 outsize=4646 kw=DIRECTIONAL SHADOWS_OFF LIGHTMAP_OFF DIRLIGHTMAP_OFF DYNAMICLIGHTMAP_OFF ok=1
Cmd: compileSnippet
  api=4 type=0 insize=4357 outsize=2842 kw=POINT SHADOWS_OFF ok=1
Cmd: compileSnippet
  api=4 type=1 insize=4357 outsize=4938 kw=POINT SHADOWS_OFF ok=1
Cmd: preprocess
  insize=4200 outsize=2597 ok=1
Cmd: compileSnippet
  api=4 type=0 insize=1938 outsize=1193 kw=DIRECTIONAL SHADOWS_OFF LIGHTMAP_OFF DIRLIGHTMAP_OFF DYNAMICLIGHTMAP_OFF ok=1
Cmd: compileSnippet
  api=4 type=1 insize=1938 outsize=1063 kw=DIRECTIONAL SHADOWS_OFF LIGHTMAP_OFF DIRLIGHTMAP_OFF DYNAMICLIGHTMAP_OFF ok=1
Cmd: preprocess
  insize=1419 outsize=368 ok=1
Cmd: compileSnippet
  api=4 type=0 insize=1351 outsize=990 kw= ok=1
Cmd: compileSnippet
  api=4 type=1 insize=1351 outsize=527 kw= ok=1
Cmd: preprocess
  insize=1143 outsize=327 ok=1
Cmd: compileSnippet
  api=4 type=0 insize=1116 outsize=762 kw= ok=1
Cmd: compileSnippet
  api=4 type=1 insize=1116 outsize=551 kw= ok=1
Cmd: preprocess
  insize=1894 outsize=496 ok=1
Cmd: compileSnippet
  api=4 type=0 insize=1699 outsize=990 kw= ok=1
Cmd: compileSnippet
  api=4 type=1 insize=1699 outsize=1461 kw= ok=1
Cmd: preprocess
  insize=1203 outsize=321 ok=1
Cmd: compileSnippet
  api=4 type=0 insize=1182 outsize=762 kw= ok=1
Cmd: compileSnippet
  api=4 type=1 insize=1182 outsize=592 kw= ok=1
Cmd: preprocess
  insize=1883 outsize=502 ok=1
Cmd: compileSnippet
  api=4 type=0 insize=1683 outsize=990 kw= ok=1
Cmd: compileSnippet
  api=4 type=1 insize=1683 outsize=1461 kw= ok=1
Cmd: preprocess
  insize=1399 outsize=358 ok=1
Cmd: compileSnippet
  api=4 type=0 insize=1341 outsize=990 kw= ok=1
Cmd: compileSnippet
  api=4 type=1 insize=1341 outsize=811 kw= ok=1
Cmd: preprocess
  insize=1681 outsize=339 ok=1
Cmd: compileSnippet
  api=4 type=0 insize=1642 outsize=2176 kw= ok=1
Cmd: compileSnippet
  api=4 type=1 insize=1642 outsize=1323 kw= ok=1
Cmd: preprocess
  insize=1760 outsize=467 ok=1
Cmd: compileSnippet
  api=4 type=0 insize=1595 outsize=990 kw= ok=1
Cmd: compileSnippet
  api=4 type=1 insize=1595 outsize=1274 kw= ok=1
Cmd: preprocess
  insize=1513 outsize=392 ok=1
Cmd: compileSnippet
  api=4 type=0 insize=1423 outsize=990 kw= ok=1
Cmd: compileSnippet
  api=4 type=1 insize=1423 outsize=900 kw= ok=1
Cmd: preprocess
  insize=1632 outsize=427 ok=1
Cmd: compileSnippet
  api=4 type=0 insize=1507 outsize=990 kw= ok=1
Cmd: compileSnippet
  api=4 type=1 insize=1507 outsize=1087 kw= ok=1
Cmd: preprocess
  insize=5105 outsize=2485 ok=1
Cmd: compileSnippet
  api=4 type=0 insize=1438 outsize=973 kw=DIRECTIONAL SHADOWS_OFF LIGHTMAP_OFF DIRLIGHTMAP_OFF DYNAMICLIGHTMAP_OFF ok=1
Cmd: compileSnippet
  api=4 type=1 insize=1438 outsize=900 kw=DIRECTIONAL SHADOWS_OFF LIGHTMAP_OFF DIRLIGHTMAP_OFF DYNAMICLIGHTMAP_OFF ok=1
Cmd: compileSnippet
  api=4 type=0 insize=1856 outsize=1770 kw=SHADOWS_DEPTH ok=1
Cmd: compileSnippet
  api=4 type=1 insize=1856 outsize=2111 kw=SHADOWS_DEPTH ok=1
Cmd: preprocess
  insize=20591 outsize=3563 ok=1
Cmd: compileSnippet
  error: 1 plat 4 at (133): implicit truncation of vector type\nCompiling Vertex program with DIRECTIONAL SHADOWS_OFF LIGHTMAP_OFF DIRLIGHTMAP_OFF DYNAMICLIGHTMAP_OFF
  error: 2 plat 4 at (143): unrecognized identifier 'Unity_GlossyEnvironmentData'\nCompiling Vertex program with DIRECTIONAL SHADOWS_OFF LIGHTMAP_OFF DIRLIGHTMAP_OFF DYNAMICLIGHTMAP_OFF
  error: 2 plat 4 at (143): unrecognized identifier 'ugls_en_data'\nCompiling Vertex program with DIRECTIONAL SHADOWS_OFF LIGHTMAP_OFF DIRLIGHTMAP_OFF DYNAMICLIGHTMAP_OFF
  api=4 type=0 insize=8807 outsize=0 kw=DIRECTIONAL SHADOWS_OFF LIGHTMAP_OFF DIRLIGHTMAP_OFF DYNAMICLIGHTMAP_OFF ok=0
Cmd: preprocess
  insize=1235 outsize=329 ok=1
Cmd: compileSnippet
  api=4 type=0 insize=1206 outsize=762 kw= ok=1
Cmd: compileSnippet
  api=4 type=1 insize=1206 outsize=518 kw= ok=1
Cmd: preprocess
  insize=1542 outsize=409 ok=1
Cmd: compileSnippet
  api=4 type=0 insize=1435 outsize=990 kw= ok=1
Cmd: compileSnippet
  api=4 type=1 insize=1435 outsize=908 kw= ok=1
Cmd: preprocess
  insize=1388 outsize=354 ok=1
Cmd: preprocess
  insize=1640 outsize=427 ok=1
Cmd: compileSnippet
  api=4 type=0 insize=1515 outsize=990 kw= ok=1
Cmd: compileSnippet
  api=4 type=1 insize=1515 outsize=1087 kw= ok=1
Cmd: preprocess
  insize=1593 outsize=409 ok=1
Cmd: compileSnippet
  api=4 type=0 insize=1486 outsize=990 kw= ok=1
Cmd: compileSnippet
  api=4 type=1 insize=1486 outsize=1307 kw= ok=1
Cmd: preprocess
  insize=1637 outsize=432 ok=1
Cmd: compileSnippet
  api=4 type=0 insize=1507 outsize=990 kw= ok=1
Cmd: compileSnippet
  api=4 type=1 insize=1507 outsize=1087 kw= ok=1
Cmd: preprocess
  insize=1654 outsize=329 ok=1
Cmd: compileSnippet
  api=4 type=0 insize=1625 outsize=1372 kw= ok=1
Cmd: compileSnippet
  api=4 type=1 insize=1625 outsize=1315 kw= ok=1
Cmd: preprocess
  insize=1547 outsize=410 ok=1
Cmd: compileSnippet
  api=4 type=0 insize=1438 outsize=990 kw= ok=1
Cmd: compileSnippet
  api=4 type=1 insize=1438 outsize=917 kw= ok=1
Cmd: preprocess
  insize=1157 outsize=296 ok=1
Cmd: compileSnippet
  api=4 type=0 insize=1161 outsize=990 kw= ok=1
Cmd: compileSnippet
  api=4 type=1 insize=1161 outsize=738 kw= ok=1
Cmd: preprocess
  insize=1393 outsize=355 ok=1
Cmd: compileSnippet
  api=4 type=0 insize=1338 outsize=990 kw= ok=1
Cmd: compileSnippet
  api=4 type=1 insize=1338 outsize=762 kw= ok=1
Cmd: preprocess
  insize=1250 outsize=323 ok=1
Cmd: compileSnippet
  api=4 type=0 insize=1227 outsize=990 kw= ok=1
Cmd: compileSnippet
  api=4 type=1 insize=1227 outsize=527 kw= ok=1
Cmd: preprocess
  insize=6611 outsize=2021 ok=1
Cmd: compileSnippet
  api=4 type=0 insize=2674 outsize=2176 kw=DIRECTIONAL SHADOWS_OFF LIGHTMAP_OFF DIRLIGHTMAP_OFF DYNAMICLIGHTMAP_OFF ok=1
Cmd: compileSnippet
  api=4 type=1 insize=2674 outsize=1339 kw=DIRECTIONAL SHADOWS_OFF LIGHTMAP_OFF DIRLIGHTMAP_OFF DYNAMICLIGHTMAP_OFF ok=1
Cmd: compileSnippet
  api=4 type=0 insize=2590 outsize=2631 kw=POINT SHADOWS_OFF ok=1
Cmd: compileSnippet
  api=4 type=1 insize=2590 outsize=1632 kw=POINT SHADOWS_OFF ok=1
Cmd: preprocess
  insize=1464 outsize=354 ok=1
Cmd: compileSnippet
  api=4 type=0 insize=1409 outsize=990 kw= ok=1
Cmd: compileSnippet
  api=4 type=1 insize=1409 outsize=1136 kw= ok=1
Cmd: preprocess
  insize=44139 outsize=6929 ok=1
Cmd: compileSnippet
  error: 1 plat 4 at (219): implicit truncation of vector type\nCompiling Vertex program with DIRECTIONAL SHADOWS_OFF LIGHTMAP_OFF DIRLIGHTMAP_OFF DYNAMICLIGHTMAP_OFF
  error: 2 plat 4 at (229): unrecognized identifier 'Unity_GlossyEnvironmentData'\nCompiling Vertex program with DIRECTIONAL SHADOWS_OFF LIGHTMAP_OFF DIRLIGHTMAP_OFF DYNAMICLIGHTMAP_OFF
  error: 2 plat 4 at (229): unrecognized identifier 'ugls_en_data'\nCompiling Vertex program with DIRECTIONAL SHADOWS_OFF LIGHTMAP_OFF DIRLIGHTMAP_OFF DYNAMICLIGHTMAP_OFF
  api=4 type=0 insize=12988 outsize=0 kw=DIRECTIONAL SHADOWS_OFF LIGHTMAP_OFF DIRLIGHTMAP_OFF DYNAMICLIGHTMAP_OFF ok=0
Cmd: preprocess
  insize=1593 outsize=436 ok=1
Cmd: compileSnippet
  api=4 type=0 insize=1459 outsize=990 kw= ok=1
Cmd: compileSnippet
  api=4 type=1 insize=1459 outsize=990 kw= ok=1
Cmd: preprocess
  insize=1393 outsize=354 ok=1
Cmd: compileSnippet
  api=4 type=0 insize=1338 outsize=990 kw= ok=1
Cmd: compileSnippet
  api=4 type=1 insize=1338 outsize=722 kw= ok=1
Cmd: preprocess
  insize=1292 outsize=329 ok=1
Cmd: preprocess
  insize=1598 outsize=411 ok=1
Cmd: compileSnippet
  api=4 type=0 insize=1488 outsize=990 kw= ok=1
Cmd: compileSnippet
  api=4 type=1 insize=1488 outsize=1355 kw= ok=1
Cmd: preprocess
  insize=1513 outsize=391 ok=1
Cmd: compileSnippet
  api=4 type=0 insize=1424 outsize=990 kw= ok=1
Cmd: compileSnippet
  api=4 type=1 insize=1424 outsize=982 kw= ok=1
Cmd: preprocess
  insize=4409 outsize=453 ok=1
Cmd: compileSnippet
  api=4 type=0 insize=4260 outsize=3053 kw= ok=1
Cmd: compileSnippet
  api=4 type=1 insize=4260 outsize=3500 kw= ok=1
Cmd: preprocess
  insize=1396 outsize=358 ok=1
Cmd: compileSnippet
  api=4 type=0 insize=1338 outsize=990 kw= ok=1
Cmd: compileSnippet
  api=4 type=1 insize=1338 outsize=762 kw= ok=1
Cmd: preprocess
  insize=1542 outsize=409 ok=1
Cmd: compileSnippet
  api=4 type=0 insize=1435 outsize=990 kw= ok=1
Cmd: compileSnippet
  api=4 type=1 insize=1435 outsize=900 kw= ok=1
Cmd: preprocess
  insize=18047 outsize=4008 ok=1
Cmd: compileSnippet
  error: 2 plat 4 at (125): unrecognized identifier 'Unity_GlossyEnvironmentData'\nCompiling Vertex program with DIRECTIONAL SHADOWS_OFF LIGHTMAP_OFF DIRLIGHTMAP_OFF DYNAMICLIGHTMAP_OFF
  error: 2 plat 4 at (125): unrecognized identifier 'ugls_en_data'\nCompiling Vertex program with DIRECTIONAL SHADOWS_OFF LIGHTMAP_OFF DIRLIGHTMAP_OFF DYNAMICLIGHTMAP_OFF
  api=4 type=0 insize=8248 outsize=0 kw=DIRECTIONAL SHADOWS_OFF LIGHTMAP_OFF DIRLIGHTMAP_OFF DYNAMICLIGHTMAP_OFF ok=0
Cmd: preprocess
  insize=1405 outsize=361 ok=1
Cmd: compileSnippet
  api=4 type=0 insize=1344 outsize=990 kw= ok=1
Cmd: compileSnippet
  api=4 type=1 insize=1344 outsize=868 kw= ok=1
Cmd: preprocess
  insize=1550 outsize=411 ok=1
Cmd: compileSnippet
  api=4 type=0 insize=1441 outsize=990 kw= ok=1
Cmd: compileSnippet
  api=4 type=1 insize=1441 outsize=990 kw= ok=1
Cmd: preprocess
  insize=1510 outsize=414 ok=1
Cmd: compileSnippet
  api=4 type=0 insize=1397 outsize=990 kw= ok=1
Cmd: compileSnippet
  api=4 type=1 insize=1397 outsize=1242 kw= ok=1
Cmd: preprocess
  insize=1513 outsize=392 ok=1
Cmd: compileSnippet
  api=4 type=0 insize=1423 outsize=990 kw= ok=1
Cmd: compileSnippet
  api=4 type=1 insize=1423 outsize=900 kw= ok=1
Cmd: preprocess
  insize=1406 outsize=361 ok=1
Cmd: compileSnippet
  api=4 type=0 insize=1345 outsize=990 kw= ok=1
Cmd: compileSnippet
  api=4 type=1 insize=1345 outsize=527 kw= ok=1
Cmd: preprocess
  insize=1565 outsize=409 ok=1
Cmd: compileSnippet
  api=4 type=0 insize=1457 outsize=990 kw= ok=1
Cmd: compileSnippet
  api=4 type=1 insize=1457 outsize=1168 kw= ok=1
Cmd: preprocess
  insize=2725 outsize=488 ok=1
Cmd: compileSnippet
  api=4 type=0 insize=2539 outsize=3435 kw= ok=1
Cmd: compileSnippet
  api=4 type=1 insize=2539 outsize=1892 kw= ok=1
Cmd: preprocess
  insize=1399 outsize=360 ok=1
Cmd: compileSnippet
  api=4 type=0 insize=1339 outsize=990 kw= ok=1
Cmd: compileSnippet
  api=4 type=1 insize=1339 outsize=803 kw= ok=1
Cmd: preprocess
  insize=1998 outsize=537 ok=1
Cmd: compileSnippet
  api=4 type=0 insize=1763 outsize=990 kw= ok=1
Cmd: compileSnippet
  api=4 type=1 insize=1763 outsize=1599 kw= ok=1
Cmd: preprocess
  insize=25844 outsize=6105 ok=1
Cmd: compileSnippet
  error: 1 plat 4 at (139): implicit truncation of vector type\nCompiling Vertex program with DIRECTIONAL SHADOWS_OFF LIGHTMAP_OFF DIRLIGHTMAP_OFF DYNAMICLIGHTMAP_OFF
  error: 2 plat 4 at (141): unrecognized identifier 'Unity_GlossyEnvironmentData'\nCompiling Vertex program with DIRECTIONAL SHADOWS_OFF LIGHTMAP_OFF DIRLIGHTMAP_OFF DYNAMICLIGHTMAP_OFF
  error: 2 plat 4 at (141): unrecognized identifier 'ugls_en_data'\nCompiling Vertex program with DIRECTIONAL SHADOWS_OFF LIGHTMAP_OFF DIRLIGHTMAP_OFF DYNAMICLIGHTMAP_OFF
  api=4 type=0 insize=8220 outsize=0 kw=DIRECTIONAL SHADOWS_OFF LIGHTMAP_OFF DIRLIGHTMAP_OFF DYNAMICLIGHTMAP_OFF ok=0
Cmd: preprocess
  insize=1533 outsize=392 ok=1
Cmd: compileSnippet
  api=4 type=0 insize=1443 outsize=990 kw= ok=1
Cmd: compileSnippet
  api=4 type=1 insize=1443 outsize=1022 kw= ok=1
Cmd: preprocess
  insize=1395 outsize=356 ok=1
Cmd: compileSnippet
  api=4 type=0 insize=1339 outsize=990 kw= ok=1
Cmd: compileSnippet
  api=4 type=1 insize=1339 outsize=754 kw= ok=1
Cmd: preprocess
  insize=1062 outsize=301 ok=1
Cmd: compileSnippet
  api=4 type=0 insize=1061 outsize=990 kw= ok=1
Cmd: compileSnippet
  api=4 type=1 insize=1061 outsize=527 kw= ok=1
Cmd: preprocess
  insize=2743 outsize=488 ok=1
Cmd: compileSnippet
  api=4 type=0 insize=2557 outsize=3435 kw= ok=1
Cmd: compileSnippet
  api=4 type=1 insize=2557 outsize=1900 kw= ok=1
Cmd: preprocess
  insize=1173 outsize=329 ok=1
Cmd: compileSnippet
  api=4 type=0 insize=1143 outsize=973 kw= ok=1
Cmd: compileSnippet
  api=4 type=1 insize=1143 outsize=559 kw= ok=1
Cmd: preprocess
  insize=1557 outsize=403 ok=1
Cmd: compileSnippet
  api=4 type=0 insize=1456 outsize=990 kw= ok=1
Cmd: compileSnippet
  api=4 type=1 insize=1456 outsize=1079 kw= ok=1
Cmd: preprocess
  insize=1521 outsize=395 ok=1
Cmd: compileSnippet
  api=4 type=0 insize=1428 outsize=990 kw= ok=1
Cmd: compileSnippet
  api=4 type=1 insize=1428 outsize=1006 kw= ok=1
Cmd: preprocess
  insize=1508 outsize=393 ok=1
Cmd: compileSnippet
  api=4 type=0 insize=1417 outsize=990 kw= ok=1
Cmd: compileSnippet
  api=4 type=1 insize=1417 outsize=900 kw= ok=1
Cmd: preprocess
  insize=10066 outsize=4668 ok=1
Cmd: compileSnippet
  api=4 type=0 insize=3051 outsize=2387 kw=DIRECTIONAL SHADOWS_OFF LIGHTMAP_OFF DIRLIGHTMAP_OFF DYNAMICLIGHTMAP_OFF ok=1
Cmd: compileSnippet
  api=4 type=1 insize=3051 outsize=2680 kw=DIRECTIONAL SHADOWS_OFF LIGHTMAP_OFF DIRLIGHTMAP_OFF DYNAMICLIGHTMAP_OFF ok=1
Cmd: compileSnippet
  api=4 type=0 insize=3022 outsize=2842 kw=POINT SHADOWS_OFF ok=1
Cmd: compileSnippet
  api=4 type=1 insize=3022 outsize=2891 kw=POINT SHADOWS_OFF ok=1
Cmd: preprocess
  insize=1402 outsize=359 ok=1
Cmd: compileSnippet
  api=4 type=0 insize=1343 outsize=990 kw= ok=1
Cmd: compileSnippet
  api=4 type=1 insize=1343 outsize=754 kw= ok=1
Cmd: preprocess
  insize=1522 outsize=394 ok=1
Cmd: compileSnippet
  api=4 type=0 insize=1430 outsize=990 kw= ok=1
Cmd: compileSnippet
  api=4 type=1 insize=1430 outsize=957 kw= ok=1
Cmd: preprocess
  insize=1473 outsize=330 ok=1
Cmd: compileSnippet
  api=4 type=0 insize=1443 outsize=1372 kw= ok=1
Cmd: compileSnippet
  api=4 type=1 insize=1443 outsize=860 kw= ok=1
Cmd: preprocess
  insize=1566 outsize=413 ok=1
Cmd: compileSnippet
  api=4 type=0 insize=1455 outsize=990 kw= ok=1
Cmd: compileSnippet
  api=4 type=1 insize=1455 outsize=795 kw= ok=1
Cmd: preprocess
  insize=1393 outsize=355 ok=1
Cmd: compileSnippet
  api=4 type=0 insize=1338 outsize=990 kw= ok=1
Cmd: compileSnippet
  api=4 type=1 insize=1338 outsize=827 kw= ok=1
Cmd: preprocess
  insize=2072 outsize=488 ok=1
Cmd: compileSnippet
  api=4 type=0 insize=1886 outsize=990 kw= ok=1
Cmd: compileSnippet
  api=4 type=1 insize=1886 outsize=1558 kw= ok=1
Cmd: preprocess
  insize=2238 outsize=410 ok=1
Cmd: compileSnippet
  api=4 type=0 insize=2130 outsize=1721 kw= ok=1
Cmd: compileSnippet
  api=4 type=1 insize=2130 outsize=1355 kw= ok=1
Cmd: preprocess
  insize=21654 outsize=3659 ok=1
Cmd: compileSnippet
  error: 1 plat 4 at (130): implicit truncation of vector type\nCompiling Vertex program with DIRECTIONAL SHADOWS_OFF LIGHTMAP_OFF DIRLIGHTMAP_OFF DYNAMICLIGHTMAP_OFF
  error: 2 plat 4 at (140): unrecognized identifier 'Unity_GlossyEnvironmentData'\nCompiling Vertex program with DIRECTIONAL SHADOWS_OFF LIGHTMAP_OFF DIRLIGHTMAP_OFF DYNAMICLIGHTMAP_OFF
  error: 2 plat 4 at (140): unrecognized identifier 'ugls_en_data'\nCompiling Vertex program with DIRECTIONAL SHADOWS_OFF LIGHTMAP_OFF DIRLIGHTMAP_OFF DYNAMICLIGHTMAP_OFF
  api=4 type=0 insize=8870 outsize=0 kw=DIRECTIONAL SHADOWS_OFF LIGHTMAP_OFF DIRLIGHTMAP_OFF DYNAMICLIGHTMAP_OFF ok=0
Cmd: preprocess
  insize=1033 outsize=339 ok=1
Cmd: compileSnippet
  api=4 type=0 insize=994 outsize=762 kw= ok=1
Cmd: compileSnippet
  api=4 type=1 insize=994 outsize=510 kw= ok=1
Cmd: preprocess
  insize=1755 outsize=462 ok=1
Cmd: compileSnippet
  api=4 type=0 insize=1595 outsize=990 kw= ok=1
Cmd: compileSnippet
  api=4 type=1 insize=1595 outsize=1274 kw= ok=1
Cmd: preprocess
  insize=1544 outsize=399 ok=1
Cmd: compileSnippet
  api=4 type=0 insize=1447 outsize=990 kw= ok=1
Cmd: compileSnippet
  api=4 type=1 insize=1447 outsize=2696 kw= ok=1
Cmd: preprocess
  insize=1393 outsize=355 ok=1
Cmd: compileSnippet
  api=4 type=0 insize=1338 outsize=990 kw= ok=1
Cmd: compileSnippet
  api=4 type=1 insize=1338 outsize=762 kw= ok=1
Cmd: preprocess
  insize=1708 outsize=506 ok=1
Cmd: compileSnippet
  api=4 type=0 insize=1503 outsize=990 kw= ok=1
Cmd: compileSnippet
  api=4 type=1 insize=1503 outsize=1144 kw= ok=1
Cmd: preprocess
  insize=1683 outsize=506 ok=1
Cmd: compileSnippet
  api=4 type=0 insize=1478 outsize=990 kw= ok=1
Cmd: compileSnippet
  api=4 type=1 insize=1478 outsize=973 kw= ok=1
Cmd: preprocess
  insize=2130 outsize=484 ok=1
Cmd: compileSnippet
  api=4 type=0 insize=1948 outsize=990 kw= ok=1
Cmd: compileSnippet
  api=4 type=1 insize=1948 outsize=1534 kw= ok=1
Cmd: preprocess
  insize=1556 outsize=407 ok=1
Cmd: compileSnippet
  api=4 type=0 insize=1451 outsize=990 kw= ok=1
Cmd: compileSnippet
  api=4 type=1 insize=1451 outsize=1128 kw= ok=1
Cmd: preprocess
  insize=1555 outsize=407 ok=1
Cmd: compileSnippet
  api=4 type=0 insize=1449 outsize=990 kw= ok=1
Cmd: compileSnippet
  api=4 type=1 insize=1449 outsize=1022 kw= ok=1
Cmd: preprocess
  insize=1252 outsize=331 ok=1
Cmd: compileSnippet
  api=4 type=0 insize=1219 outsize=990 kw= ok=1
Cmd: compileSnippet
  api=4 type=1 insize=1219 outsize=583 kw= ok=1
Cmd: preprocess
  insize=1348 outsize=379 ok=1
Cmd: compileSnippet
  api=4 type=0 insize=1269 outsize=762 kw= ok=1
Cmd: compileSnippet
  api=4 type=1 insize=1269 outsize=681 kw= ok=1
Cmd: preprocess
  insize=1645 outsize=435 ok=1
Cmd: compileSnippet
  api=4 type=0 insize=1512 outsize=990 kw= ok=1
Cmd: compileSnippet
  api=4 type=1 insize=1512 outsize=1160 kw= ok=1
Cmd: preprocess
  insize=1149 outsize=331 ok=1
Cmd: compileSnippet
  api=4 type=0 insize=1118 outsize=762 kw= ok=1
Cmd: compileSnippet
  api=4 type=1 insize=1118 outsize=551 kw= ok=1
Cmd: preprocess
  insize=2125 outsize=488 ok=1
Cmd: compileSnippet
  api=4 type=0 insize=1939 outsize=990 kw= ok=1
Cmd: compileSnippet
  api=4 type=1 insize=1939 outsize=1347 kw= ok=1
Cmd: preprocess
  insize=1618 outsize=435 ok=1
Cmd: compileSnippet
  api=4 type=0 insize=1485 outsize=990 kw= ok=1
Cmd: compileSnippet
  api=4 type=1 insize=1485 outsize=1372 kw= ok=1
Cmd: preprocess
  insize=1537 outsize=399 ok=1
Cmd: compileSnippet
  api=4 type=0 insize=1440 outsize=990 kw= ok=1
Cmd: compileSnippet
  api=4 type=1 insize=1440 outsize=2647 kw= ok=1
Cmd: preprocess
  insize=1519 outsize=394 ok=1
Cmd: compileSnippet
  api=4 type=0 insize=1427 outsize=990 kw= ok=1
Cmd: compileSnippet
  api=4 type=1 insize=1427 outsize=1038 kw= ok=1
Cmd: preprocess
  insize=1716 outsize=507 ok=1
Cmd: compileSnippet
  api=4 type=0 insize=1511 outsize=990 kw= ok=1
Cmd: compileSnippet
  api=4 type=1 insize=1511 outsize=1168 kw= ok=1
Cmd: preprocess
  insize=1976 outsize=503 ok=1
Cmd: compileSnippet
  api=4 type=0 insize=1775 outsize=990 kw= ok=1
Cmd: compileSnippet
  api=4 type=1 insize=1775 outsize=1753 kw= ok=1
Cmd: preprocess
  insize=1397 outsize=356 ok=1
Cmd: compileSnippet
  api=4 type=0 insize=1340 outsize=990 kw= ok=1
Cmd: compileSnippet
  api=4 type=1 insize=1340 outsize=754 kw= ok=1
Cmd: preprocess
  insize=1397 outsize=357 ok=1
Cmd: compileSnippet
  api=4 type=0 insize=1340 outsize=990 kw= ok=1
Cmd: compileSnippet
  api=4 type=1 insize=1340 outsize=754 kw= ok=1
Cmd: preprocess
  insize=1397 outsize=359 ok=1
Cmd: compileSnippet
  api=4 type=0 insize=1338 outsize=990 kw= ok=1
Cmd: compileSnippet
  api=4 type=1 insize=1338 outsize=835 kw= ok=1
Cmd: preprocess
  insize=1180 outsize=332 ok=1
Cmd: compileSnippet
  api=4 type=0 insize=1148 outsize=990 kw= ok=1
Cmd: compileSnippet
  api=4 type=1 insize=1148 outsize=583 kw= ok=1
Cmd: preprocess
  insize=2741 outsize=485 ok=1
Cmd: compileSnippet
  api=4 type=0 insize=2558 outsize=3435 kw= ok=1
Cmd: compileSnippet
  api=4 type=1 insize=2558 outsize=1762 kw= ok=1
Cmd: preprocess
  insize=1322 outsize=328 ok=1
Cmd: compileSnippet
  api=4 type=0 insize=1294 outsize=941 kw= ok=1
Cmd: compileSnippet
  api=4 type=1 insize=1294 outsize=778 kw= ok=1
Cmd: preprocess
  insize=1050 outsize=335 ok=1
Cmd: compileSnippet
  api=4 type=0 insize=1015 outsize=762 kw= ok=1
Cmd: compileSnippet
  api=4 type=1 insize=1015 outsize=510 kw= ok=1
Cmd: preprocess
  insize=1388 outsize=354 ok=1
Cmd: preprocess
  insize=1526 outsize=401 ok=1
Cmd: compileSnippet
  api=4 type=0 insize=1427 outsize=990 kw= ok=1
Cmd: compileSnippet
  api=4 type=1 insize=1427 outsize=527 kw= ok=1
Cmd: preprocess
  insize=1585 outsize=409 ok=1
Cmd: compileSnippet
  api=4 type=0 insize=1478 outsize=990 kw= ok=1
Cmd: compileSnippet
  api=4 type=1 insize=1478 outsize=1063 kw= ok=1
Cmd: preprocess
  insize=1399 outsize=360 ok=1
Cmd: compileSnippet
  api=4 type=0 insize=1339 outsize=990 kw= ok=1
Cmd: compileSnippet
  api=4 type=1 insize=1339 outsize=835 kw= ok=1
Cmd: preprocess
  insize=2742 outsize=489 ok=1
Cmd: compileSnippet
  api=4 type=0 insize=2555 outsize=3435 kw= ok=1
Cmd: compileSnippet
  api=4 type=1 insize=2555 outsize=1656 kw= ok=1
Cmd: preprocess
  insize=1547 outsize=402 ok=1
Cmd: compileSnippet
  api=4 type=0 insize=1447 outsize=990 kw= ok=1
Cmd: compileSnippet
  api=4 type=1 insize=1447 outsize=1136 kw= ok=1
Cmd: preprocess
  insize=2043 outsize=410 ok=1
Cmd: compileSnippet
  api=4 type=0 insize=1935 outsize=2387 kw= ok=1
Cmd: compileSnippet
  api=4 type=1 insize=1935 outsize=1298 kw= ok=1
Cmd: preprocess
  insize=1403 outsize=362 ok=1
Cmd: compileSnippet
  api=4 type=0 insize=1341 outsize=990 kw= ok=1
Cmd: compileSnippet
  api=4 type=1 insize=1341 outsize=795 kw= ok=1
Cmd: preprocess
  insize=2745 outsize=489 ok=1
Cmd: compileSnippet
  api=4 type=0 insize=2558 outsize=3435 kw= ok=1
Cmd: compileSnippet
  api=4 type=1 insize=2558 outsize=1875 kw= ok=1
Cmd: preprocess
  insize=1700 outsize=507 ok=1
Cmd: compileSnippet
  api=4 type=0 insize=1495 outsize=990 kw= ok=1
Cmd: compileSnippet
  api=4 type=1 insize=1495 outsize=1103 kw= ok=1
Cmd: preprocess
  insize=1395 outsize=356 ok=1
Cmd: compileSnippet
  api=4 type=0 insize=1339 outsize=990 kw= ok=1
Cmd: compileSnippet
  api=4 type=1 insize=1339 outsize=754 kw= ok=1
Cmd: preprocess
  insize=2659 outsize=1771 ok=1
Cmd: compileSnippet
  api=4 type=0 insize=1224 outsize=762 kw=DIRECTIONAL SHADOWS_OFF LIGHTMAP_OFF DIRLIGHTMAP_OFF DYNAMICLIGHTMAP_OFF ok=1
Cmd: compileSnippet
  api=4 type=1 insize=1224 outsize=494 kw=DIRECTIONAL SHADOWS_OFF LIGHTMAP_OFF DIRLIGHTMAP_OFF DYNAMICLIGHTMAP_OFF ok=1
Cmd: preprocess
  insize=2640 outsize=620 ok=1
Cmd: compileSnippet
  api=4 type=0 insize=2322 outsize=990 kw= ok=1
Cmd: compileSnippet
  api=4 type=1 insize=2322 outsize=2330 kw= ok=1
Cmd: preprocess
  insize=1593 outsize=453 ok=1
Cmd: compileSnippet
  api=4 type=0 insize=1442 outsize=990 kw= ok=1
Cmd: compileSnippet
  api=4 type=1 insize=1442 outsize=843 kw= ok=1
Cmd: preprocess
  insize=1997 outsize=481 ok=1
Cmd: compileSnippet
  api=4 type=0 insize=1818 outsize=990 kw= ok=1
Cmd: compileSnippet
  api=4 type=1 insize=1818 outsize=1623 kw= ok=1
Cmd: preprocess
  insize=1469 outsize=330 ok=1
Cmd: compileSnippet
  api=4 type=0 insize=1438 outsize=2005 kw= ok=1
Cmd: compileSnippet
  api=4 type=1 insize=1438 outsize=827 kw= ok=1
Cmd: preprocess
  insize=1512 outsize=395 ok=1
Cmd: compileSnippet
  api=4 type=0 insize=1419 outsize=990 kw= ok=1
Cmd: compileSnippet
  api=4 type=1 insize=1419 outsize=908 kw= ok=1
Cmd: preprocess
  insize=1545 outsize=412 ok=1
Cmd: compileSnippet
  api=4 type=0 insize=1435 outsize=990 kw= ok=1
Cmd: compileSnippet
  api=4 type=1 insize=1435 outsize=900 kw= ok=1
Cmd: preprocess
  insize=7753 outsize=5775 ok=1
Cmd: compileSnippet
  api=4 type=0 insize=2314 outsize=1168 kw=DIRECTIONAL SHADOWS_OFF LIGHTMAP_OFF DIRLIGHTMAP_OFF DYNAMICLIGHTMAP_OFF ok=1
Cmd: compileSnippet
  api=4 type=1 insize=2314 outsize=2436 kw=DIRECTIONAL SHADOWS_OFF LIGHTMAP_OFF DIRLIGHTMAP_OFF DYNAMICLIGHTMAP_OFF ok=1
Cmd: preprocess
  insize=1767 outsize=462 ok=1
Cmd: compileSnippet
  api=4 type=0 insize=1607 outsize=990 kw= ok=1
Cmd: compileSnippet
  api=4 type=1 insize=1607 outsize=1274 kw= ok=1
Cmd: preprocess
  insize=1363 outsize=335 ok=1
Cmd: compileSnippet
  api=4 type=0 insize=1328 outsize=1372 kw= ok=1
Cmd: compileSnippet
  api=4 type=1 insize=1328 outsize=616 kw= ok=1
Cmd: preprocess
  insize=1544 outsize=407 ok=1
Cmd: compileSnippet
  api=4 type=0 insize=1438 outsize=990 kw= ok=1
Cmd: compileSnippet
  api=4 type=1 insize=1438 outsize=900 kw= ok=1
Cmd: preprocess
  insize=1417 outsize=366 ok=1
Cmd: compileSnippet
  api=4 type=0 insize=1351 outsize=990 kw= ok=1
Cmd: compileSnippet
  api=4 type=1 insize=1351 outsize=527 kw= ok=1
Cmd: preprocess
  insize=1393 outsize=355 ok=1
Cmd: compileSnippet
  api=4 type=0 insize=1338 outsize=990 kw= ok=1
Cmd: compileSnippet
  api=4 type=1 insize=1338 outsize=754 kw= ok=1
Cmd: preprocess
  insize=1368 outsize=337 ok=1
Cmd: compileSnippet
  api=4 type=0 insize=1330 outsize=1835 kw= ok=1
Cmd: compileSnippet
  api=4 type=1 insize=1330 outsize=665 kw= ok=1
Cmd: preprocess
  insize=1723 outsize=467 ok=1
Cmd: compileSnippet
  api=4 type=0 insize=1557 outsize=990 kw= ok=1
Cmd: compileSnippet
  api=4 type=1 insize=1557 outsize=1518 kw= ok=1
Cmd: preprocess
  insize=1894 outsize=497 ok=1
Cmd: compileSnippet
  api=4 type=0 insize=1699 outsize=990 kw= ok=1
Cmd: compileSnippet
  api=4 type=1 insize=1699 outsize=1461 kw= ok=1
Cmd: preprocess
  insize=1513 outsize=391 ok=1
Cmd: compileSnippet
  api=4 type=0 insize=1424 outsize=990 kw= ok=1
Cmd: compileSnippet
  api=4 type=1 insize=1424 outsize=1152 kw= ok=1
Cmd: preprocess
  insize=1505 outsize=359 ok=1
Cmd: compileSnippet
  api=4 type=0 insize=1446 outsize=990 kw= ok=1
Cmd: compileSnippet
  api=4 type=1 insize=1446 outsize=1372 kw= ok=1
Cmd: preprocess
  insize=1541 outsize=403 ok=1
Cmd: compileSnippet
  api=4 type=0 insize=1440 outsize=990 kw= ok=1
Cmd: compileSnippet
  api=4 type=1 insize=1440 outsize=1071 kw= ok=1
Cmd: preprocess
  insize=1792 outsize=359 ok=1
Cmd: compileSnippet
  api=4 type=0 insize=1732 outsize=990 kw= ok=1
Cmd: compileSnippet
  api=4 type=1 insize=1732 outsize=2046 kw= ok=1
Cmd: preprocess
  insize=2750 outsize=492 ok=1
Cmd: compileSnippet
  api=4 type=0 insize=2560 outsize=3435 kw= ok=1
Cmd: compileSnippet
  api=4 type=1 insize=2560 outsize=2005 kw= ok=1
Cmd: preprocess
  insize=24808 outsize=5181 ok=1
Cmd: compileSnippet
  error: 1 plat 4 at (138): implicit truncation of vector type\nCompiling Vertex program with DIRECTIONAL SHADOWS_OFF LIGHTMAP_OFF DIRLIGHTMAP_OFF DYNAMICLIGHTMAP_OFF
  error: 2 plat 4 at (140): unrecognized identifier 'Unity_GlossyEnvironmentData'\nCompiling Vertex program with DIRECTIONAL SHADOWS_OFF LIGHTMAP_OFF DIRLIGHTMAP_OFF DYNAMICLIGHTMAP_OFF
  error: 2 plat 4 at (140): unrecognized identifier 'ugls_en_data'\nCompiling Vertex program with DIRECTIONAL SHADOWS_OFF LIGHTMAP_OFF DIRLIGHTMAP_OFF DYNAMICLIGHTMAP_OFF
  api=4 type=0 insize=7991 outsize=0 kw=DIRECTIONAL SHADOWS_OFF LIGHTMAP_OFF DIRLIGHTMAP_OFF DYNAMICLIGHTMAP_OFF ok=0
Cmd: preprocess
  insize=1539 outsize=402 ok=1
Cmd: compileSnippet
  api=4 type=0 insize=1439 outsize=990 kw= ok=1
Cmd: compileSnippet
  api=4 type=1 insize=1439 outsize=527 kw= ok=1
Cmd: preprocess
  insize=3946 outsize=2307 ok=1
Cmd: compileSnippet
  api=4 type=0 insize=1975 outsize=1193 kw=DIRECTIONAL SHADOWS_OFF LIGHTMAP_OFF DIRLIGHTMAP_OFF DYNAMICLIGHTMAP_OFF ok=1
Cmd: compileSnippet
  api=4 type=1 insize=1975 outsize=1112 kw=DIRECTIONAL SHADOWS_OFF LIGHTMAP_OFF DIRLIGHTMAP_OFF DYNAMICLIGHTMAP_OFF ok=1
Cmd: preprocess
  insize=996 outsize=260 ok=1
Cmd: compileSnippet
  api=4 type=0 insize=1036 outsize=990 kw= ok=1
Cmd: compileSnippet
  api=4 type=1 insize=1036 outsize=575 kw= ok=1
Cmd: preprocess
  insize=12325 outsize=5398 ok=1
Cmd: compileSnippet
  api=4 type=0 insize=1110 outsize=925 kw=SHADOWS_DEPTH ok=1
Cmd: compileSnippet
  api=4 type=1 insize=1110 outsize=437 kw=SHADOWS_DEPTH ok=1
Cmd: compileSnippet
  api=4 type=0 insize=3378 outsize=3435 kw=DIRECTIONAL SHADOWS_OFF LIGHTMAP_OFF DIRLIGHTMAP_OFF DYNAMICLIGHTMAP_OFF ok=1
Cmd: compileSnippet
  api=4 type=1 insize=3378 outsize=4004 kw=DIRECTIONAL SHADOWS_OFF LIGHTMAP_OFF DIRLIGHTMAP_OFF DYNAMICLIGHTMAP_OFF ok=1
Cmd: compileSnippet
  api=4 type=0 insize=3454 outsize=3890 kw=POINT SHADOWS_OFF ok=1
Cmd: compileSnippet
  api=4 type=1 insize=3454 outsize=4394 kw=POINT SHADOWS_OFF ok=1
Cmd: preprocess
  insize=1523 outsize=394 ok=1
Cmd: compileSnippet
  api=4 type=0 insize=1431 outsize=990 kw= ok=1
Cmd: compileSnippet
  api=4 type=1 insize=1431 outsize=973 kw= ok=1
Cmd: preprocess
  insize=1395 outsize=355 ok=1
Cmd: compileSnippet
  api=4 type=0 insize=1339 outsize=990 kw= ok=1
Cmd: compileSnippet
  api=4 type=1 insize=1339 outsize=754 kw= ok=1
Cmd: preprocess
  insize=1653 outsize=438 ok=1
Cmd: compileSnippet
  api=4 type=0 insize=1517 outsize=990 kw= ok=1
Cmd: compileSnippet
  api=4 type=1 insize=1517 outsize=1477 kw= ok=1
Cmd: preprocess
  insize=1691 outsize=328 ok=1
Cmd: compileSnippet
  api=4 type=0 insize=1663 outsize=2915 kw= ok=1
Cmd: compileSnippet
  api=4 type=1 insize=1663 outsize=876 kw= ok=1
Cmd: preprocess
  insize=1548 outsize=411 ok=1
Cmd: compileSnippet
  api=4 type=0 insize=1439 outsize=990 kw= ok=1
Cmd: compileSnippet
  api=4 type=1 insize=1439 outsize=982 kw= ok=1
Cmd: preprocess
  insize=1543 outsize=407 ok=1
Cmd: compileSnippet
  api=4 type=0 insize=1438 outsize=990 kw= ok=1
Cmd: compileSnippet
  api=4 type=1 insize=1438 outsize=900 kw= ok=1
Cmd: preprocess
  insize=1381 outsize=334 ok=1
Cmd: compileSnippet
  api=4 type=0 insize=1346 outsize=762 kw= ok=1
Cmd: compileSnippet
  api=4 type=1 insize=1346 outsize=453 kw= ok=1
Cmd: preprocess
  insize=2055 outsize=488 ok=1
Cmd: compileSnippet
  api=4 type=0 insize=1869 outsize=990 kw= ok=1
Cmd: compileSnippet
  api=4 type=1 insize=1869 outsize=1461 kw= ok=1
Cmd: preprocess
  insize=1640 outsize=426 ok=1
Cmd: compileSnippet
  api=4 type=0 insize=1515 outsize=990 kw= ok=1
Cmd: compileSnippet
  api=4 type=1 insize=1515 outsize=1087 kw= ok=1
Cmd: preprocess
  insize=1509 outsize=392 ok=1
Cmd: compileSnippet
  api=4 type=0 insize=1419 outsize=990 kw= ok=1
Cmd: compileSnippet
  api=4 type=1 insize=1419 outsize=900 kw= ok=1
Cmd: preprocess
  insize=1397 outsize=356 ok=1
Cmd: compileSnippet
  api=4 type=0 insize=1341 outsize=990 kw= ok=1
Cmd: compileSnippet
  api=4 type=1 insize=1341 outsize=868 kw= ok=1
Cmd: preprocess
  insize=1742 outsize=488 ok=1
Cmd: compileSnippet
  api=4 type=0 insize=1556 outsize=990 kw= ok=1
Cmd: compileSnippet
  api=4 type=1 insize=1556 outsize=990 kw= ok=1
Cmd: preprocess
  insize=1555 outsize=410 ok=1
Cmd: compileSnippet
  api=4 type=0 insize=1447 outsize=990 kw= ok=1
Cmd: compileSnippet
  api=4 type=1 insize=1447 outsize=1079 kw= ok=1
Cmd: preprocess
  insize=1327 outsize=326 ok=1
Cmd: compileSnippet
  api=4 type=0 insize=1301 outsize=1331 kw= ok=1
Cmd: compileSnippet
  api=4 type=1 insize=1301 outsize=665 kw= ok=1
Cmd: preprocess
  insize=1804 outsize=491 ok=1
Cmd: compileSnippet
  api=4 type=0 insize=1615 outsize=990 kw= ok=1
Cmd: compileSnippet
  api=4 type=1 insize=1615 outsize=965 kw= ok=1
Cmd: preprocess
  insize=1514 outsize=396 ok=1
Cmd: compileSnippet
  api=4 type=0 insize=1419 outsize=990 kw= ok=1
Cmd: compileSnippet
  api=4 type=1 insize=1419 outsize=900 kw= ok=1
Cmd: preprocess
  insize=1312 outsize=341 ok=1
Cmd: compileSnippet
  api=4 type=0 insize=1271 outsize=1591 kw= ok=1
Cmd: compileSnippet
  api=4 type=1 insize=1271 outsize=665 kw= ok=1
Cmd: compileSnippet
  api=4 type=0 insize=4357 outsize=2387 kw=DIRECTIONAL SHADOWS_OFF ok=1
Cmd: compileSnippet
  api=4 type=1 insize=4357 outsize=4622 kw=DIRECTIONAL SHADOWS_OFF ok=1
Cmd: compileSnippet
  api=4 type=0 insize=3454 outsize=3435 kw=DIRECTIONAL SHADOWS_OFF ok=1
Cmd: compileSnippet
  api=4 type=1 insize=3454 outsize=4077 kw=DIRECTIONAL SHADOWS_OFF ok=1
Cmd: compileSnippet
  api=4 type=0 insize=982 outsize=4118 kw=DIRECTIONAL SHADOWS_OFF LIGHTMAP_OFF DIRLIGHTMAP_OFF DYNAMICLIGHTMAP_OFF FOG_EXP2 ok=1
Cmd: compileSnippet
  api=4 type=1 insize=982 outsize=10918 kw=DIRECTIONAL SHADOWS_OFF LIGHTMAP_OFF DIRLIGHTMAP_OFF DYNAMICLIGHTMAP_OFF FOG_EXP2 ok=1
Cmd: compileSnippet
  api=4 type=0 insize=6810 outsize=3963 kw=DIRECTIONAL SHADOWS_OFF LIGHTMAP_OFF DIRLIGHTMAP_OFF DYNAMICLIGHTMAP_OFF FOG_EXP2 ok=1
Cmd: compileSnippet
  api=4 type=1 insize=6810 outsize=1599 kw=DIRECTIONAL SHADOWS_OFF LIGHTMAP_OFF DIRLIGHTMAP_OFF DYNAMICLIGHTMAP_OFF FOG_EXP2 ok=1
Cmd: compileSnippet
  api=4 type=0 insize=4439 outsize=2542 kw=DIRECTIONAL SHADOWS_OFF LIGHTMAP_OFF DIRLIGHTMAP_OFF DYNAMICLIGHTMAP_OFF FOG_EXP2 ok=1
Cmd: compileSnippet
  api=4 type=1 insize=4439 outsize=5036 kw=DIRECTIONAL SHADOWS_OFF LIGHTMAP_OFF DIRLIGHTMAP_OFF DYNAMICLIGHTMAP_OFF FOG_EXP2 ok=1
Cmd: compileSnippet
  api=4 type=0 insize=6810 outsize=4313 kw=DIRECTIONAL SHADOWS_SCREEN LIGHTMAP_OFF DIRLIGHTMAP_OFF DYNAMICLIGHTMAP_OFF FOG_EXP2 ok=1
Cmd: compileSnippet
  api=4 type=1 insize=6810 outsize=1916 kw=DIRECTIONAL SHADOWS_SCREEN LIGHTMAP_OFF DIRLIGHTMAP_OFF DYNAMICLIGHTMAP_OFF FOG_EXP2 ok=1
Cmd: compileSnippet
  api=4 type=0 insize=4439 outsize=2948 kw=DIRECTIONAL SHADOWS_SCREEN LIGHTMAP_OFF DIRLIGHTMAP_OFF DYNAMICLIGHTMAP_OFF FOG_EXP2 ok=1
Cmd: compileSnippet
  api=4 type=1 insize=4439 outsize=5353 kw=DIRECTIONAL SHADOWS_SCREEN LIGHTMAP_OFF DIRLIGHTMAP_OFF DYNAMICLIGHTMAP_OFF FOG_EXP2 ok=1
Cmd: compileSnippet
  api=4 type=0 insize=3378 outsize=3825 kw=DIRECTIONAL SHADOWS_SCREEN LIGHTMAP_OFF DIRLIGHTMAP_OFF DYNAMICLIGHTMAP_OFF ok=1
Cmd: compileSnippet
  api=4 type=1 insize=3378 outsize=4321 kw=DIRECTIONAL SHADOWS_SCREEN LIGHTMAP_OFF DIRLIGHTMAP_OFF DYNAMICLIGHTMAP_OFF ok=1
Cmd: compileSnippet
  api=4 type=0 insize=982 outsize=4435 kw=DIRECTIONAL SHADOWS_SCREEN LIGHTMAP_OFF DIRLIGHTMAP_OFF DYNAMICLIGHTMAP_OFF FOG_EXP2 ok=1
Cmd: compileSnippet
  api=4 type=1 insize=982 outsize=11227 kw=DIRECTIONAL SHADOWS_SCREEN LIGHTMAP_OFF DIRLIGHTMAP_OFF DYNAMICLIGHTMAP_OFF FOG_EXP2 ok=1
Cmd: compileSnippet
  api=4 type=0 insize=1438 outsize=973 kw=DIRECTIONAL SHADOWS_SCREEN LIGHTMAP_OFF DIRLIGHTMAP_OFF DYNAMICLIGHTMAP_OFF ok=1
Cmd: compileSnippet
  api=4 type=1 insize=1438 outsize=900 kw=DIRECTIONAL SHADOWS_SCREEN LIGHTMAP_OFF DIRLIGHTMAP_OFF DYNAMICLIGHTMAP_OFF ok=1
Cmd: preprocess
  insize=1521 outsize=399 ok=1
Cmd: preprocess
  insize=2720 outsize=484 ok=1
Cmd: preprocess
  insize=1536 outsize=399 ok=1
Cmd: preprocess
  insize=1461 outsize=366 ok=1
Cmd: preprocess
  insize=1493 outsize=324 ok=1
Cmd: preprocess
  insize=2739 outsize=485 ok=1
Cmd: preprocess
  insize=1299 outsize=336 ok=1
Cmd: preprocess
  insize=13485 outsize=3434 ok=1
Cmd: preprocess
  insize=1739 outsize=435 ok=1
Cmd: preprocess
  insize=1291 outsize=328 ok=1
Cmd: preprocess
  insize=1397 outsize=358 ok=1
Cmd: preprocess
  insize=1515 outsize=393 ok=1
Cmd: preprocess
  insize=1667 outsize=407 ok=1
Cmd: preprocess
  insize=2068 outsize=492 ok=1
Cmd: preprocess
  insize=2126 outsize=486 ok=1
Cmd: preprocess
  insize=3969 outsize=2388 ok=1
Cmd: preprocess
  insize=1767 outsize=462 ok=1
Cmd: preprocess
  insize=1157 outsize=331 ok=1
Cmd: preprocess
  insize=18798 outsize=3082 ok=1
Cmd: compileSnippet
  error: 1 plat 4 at (121): implicit truncation of vector type\nCompiling Vertex program with DIRECTIONAL SHADOWS_OFF LIGHTMAP_OFF DIRLIGHTMAP_OFF DYNAMICLIGHTMAP_OFF
  error: 2 plat 4 at (131): unrecognized identifier 'Unity_GlossyEnvironmentData'\nCompiling Vertex program with DIRECTIONAL SHADOWS_OFF LIGHTMAP_OFF DIRLIGHTMAP_OFF DYNAMICLIGHTMAP_OFF
  error: 2 plat 4 at (131): unrecognized identifier 'ugls_en_data'\nCompiling Vertex program with DIRECTIONAL SHADOWS_OFF LIGHTMAP_OFF DIRLIGHTMAP_OFF DYNAMICLIGHTMAP_OFF
  api=4 type=0 insize=8356 outsize=0 kw=DIRECTIONAL SHADOWS_OFF LIGHTMAP_OFF DIRLIGHTMAP_OFF DYNAMICLIGHTMAP_OFF ok=0
Cmd: preprocess
  insize=1622 outsize=433 ok=1
Cmd: preprocess
  insize=1540 outsize=398 ok=1
Cmd: preprocess
  insize=1604 outsize=411 ok=1
Cmd: preprocess
  insize=2059 outsize=482 ok=1
Cmd: preprocess
  insize=1464 outsize=328 ok=1
Cmd: preprocess
  insize=1393 outsize=353 ok=1
Cmd: preprocess
  insize=1397 outsize=358 ok=1
Cmd: preprocess
  insize=2104 outsize=484 ok=1
Cmd: preprocess
  insize=1393 outsize=354 ok=1
Cmd: preprocess
  insize=1522 outsize=394 ok=1
Cmd: preprocess
  insize=1520 outsize=394 ok=1
Cmd: preprocess
  insize=1878 outsize=497 ok=1
Cmd: preprocess
  insize=1395 outsize=356 ok=1
Cmd: preprocess
  insize=2202 outsize=406 ok=1
Cmd: preprocess
  insize=1602 outsize=408 ok=1
Cmd: preprocess
  insize=6456 outsize=2753 ok=1
Cmd: preprocess
  insize=1390 outsize=356 ok=1
Cmd: preprocess
  insize=1397 outsize=358 ok=1
Cmd: preprocess
  insize=2516 outsize=642 ok=1
Cmd: preprocess
  insize=1402 outsize=361 ok=1
Cmd: preprocess
  insize=1579 outsize=449 ok=1
Cmd: preprocess
  insize=1635 outsize=426 ok=1
Cmd: preprocess
  insize=1604 outsize=410 ok=1
Cmd: preprocess
  insize=1540 outsize=407 ok=1
Cmd: preprocess
  insize=1566 outsize=441 ok=1
Cmd: preprocess
  insize=4541 outsize=2816 ok=1
Cmd: preprocess
  insize=1665 outsize=435 ok=1
Cmd: preprocess
  insize=2117 outsize=406 ok=1
Cmd: preprocess
  insize=780 outsize=288 ok=1
Cmd: preprocess
  insize=1397 outsize=356 ok=1
Cmd: preprocess
  insize=12274 outsize=4155 ok=1
Cmd: preprocess
  insize=4200 outsize=2597 ok=1
Cmd: preprocess
  insize=1419 outsize=368 ok=1
Cmd: preprocess
  insize=1143 outsize=327 ok=1
Cmd: preprocess
  insize=1894 outsize=496 ok=1
Cmd: preprocess
  insize=1203 outsize=321 ok=1
Cmd: preprocess
  insize=1883 outsize=502 ok=1
Cmd: preprocess
  insize=1399 outsize=358 ok=1
Cmd: preprocess
  insize=1681 outsize=339 ok=1
Cmd: preprocess
  insize=1760 outsize=467 ok=1
Cmd: preprocess
  insize=1513 outsize=392 ok=1
Cmd: preprocess
  insize=1632 outsize=427 ok=1
Cmd: preprocess
  insize=5105 outsize=2485 ok=1
Cmd: preprocess
  insize=20591 outsize=3563 ok=1
Cmd: compileSnippet
  error: 1 plat 4 at (133): implicit truncation of vector type\nCompiling Vertex program with DIRECTIONAL SHADOWS_OFF LIGHTMAP_OFF DIRLIGHTMAP_OFF DYNAMICLIGHTMAP_OFF
  error: 2 plat 4 at (143): unrecognized identifier 'Unity_GlossyEnvironmentData'\nCompiling Vertex program with DIRECTIONAL SHADOWS_OFF LIGHTMAP_OFF DIRLIGHTMAP_OFF DYNAMICLIGHTMAP_OFF
  error: 2 plat 4 at (143): unrecognized identifier 'ugls_en_data'\nCompiling Vertex program with DIRECTIONAL SHADOWS_OFF LIGHTMAP_OFF DIRLIGHTMAP_OFF DYNAMICLIGHTMAP_OFF
  api=4 type=0 insize=8807 outsize=0 kw=DIRECTIONAL SHADOWS_OFF LIGHTMAP_OFF DIRLIGHTMAP_OFF DYNAMICLIGHTMAP_OFF ok=0
Cmd: preprocess
  insize=1235 outsize=329 ok=1
Cmd: preprocess
  insize=1542 outsize=409 ok=1
Cmd: preprocess
  insize=1388 outsize=354 ok=1
Cmd: preprocess
  insize=1640 outsize=427 ok=1
Cmd: preprocess
  insize=1593 outsize=409 ok=1
Cmd: preprocess
  insize=1637 outsize=432 ok=1
Cmd: preprocess
  insize=1654 outsize=329 ok=1
Cmd: preprocess
  insize=1547 outsize=410 ok=1
Cmd: preprocess
  insize=1157 outsize=296 ok=1
Cmd: preprocess
  insize=1393 outsize=355 ok=1
Cmd: preprocess
  insize=1250 outsize=323 ok=1
Cmd: preprocess
  insize=6611 outsize=2021 ok=1
Cmd: preprocess
  insize=1464 outsize=354 ok=1
Cmd: preprocess
  insize=44139 outsize=6929 ok=1
Cmd: compileSnippet
  error: 1 plat 4 at (219): implicit truncation of vector type\nCompiling Vertex program with DIRECTIONAL SHADOWS_OFF LIGHTMAP_OFF DIRLIGHTMAP_OFF DYNAMICLIGHTMAP_OFF
  error: 2 plat 4 at (229): unrecognized identifier 'Unity_GlossyEnvironmentData'\nCompiling Vertex program with DIRECTIONAL SHADOWS_OFF LIGHTMAP_OFF DIRLIGHTMAP_OFF DYNAMICLIGHTMAP_OFF
  error: 2 plat 4 at (229): unrecognized identifier 'ugls_en_data'\nCompiling Vertex program with DIRECTIONAL SHADOWS_OFF LIGHTMAP_OFF DIRLIGHTMAP_OFF DYNAMICLIGHTMAP_OFF
  api=4 type=0 insize=12988 outsize=0 kw=DIRECTIONAL SHADOWS_OFF LIGHTMAP_OFF DIRLIGHTMAP_OFF DYNAMICLIGHTMAP_OFF ok=0
Cmd: preprocess
  insize=1593 outsize=436 ok=1
Cmd: preprocess
  insize=1393 outsize=354 ok=1
Cmd: preprocess
  insize=1292 outsize=329 ok=1
Cmd: preprocess
  insize=1598 outsize=411 ok=1
Cmd: preprocess
  insize=1513 outsize=391 ok=1
Cmd: preprocess
  insize=4409 outsize=453 ok=1
Cmd: preprocess
  insize=1396 outsize=358 ok=1
Cmd: preprocess
  insize=1542 outsize=409 ok=1
Cmd: preprocess
  insize=18047 outsize=4008 ok=1
Cmd: compileSnippet
  error: 2 plat 4 at (125): unrecognized identifier 'Unity_GlossyEnvironmentData'\nCompiling Vertex program with DIRECTIONAL SHADOWS_OFF LIGHTMAP_OFF DIRLIGHTMAP_OFF DYNAMICLIGHTMAP_OFF
  error: 2 plat 4 at (125): unrecognized identifier 'ugls_en_data'\nCompiling Vertex program with DIRECTIONAL SHADOWS_OFF LIGHTMAP_OFF DIRLIGHTMAP_OFF DYNAMICLIGHTMAP_OFF
  api=4 type=0 insize=8248 outsize=0 kw=DIRECTIONAL SHADOWS_OFF LIGHTMAP_OFF DIRLIGHTMAP_OFF DYNAMICLIGHTMAP_OFF ok=0
Cmd: preprocess
  insize=1405 outsize=361 ok=1
Cmd: preprocess
  insize=1550 outsize=411 ok=1
Cmd: preprocess
  insize=1510 outsize=414 ok=1
Cmd: preprocess
  insize=1513 outsize=392 ok=1
Cmd: preprocess
  insize=1406 outsize=361 ok=1
Cmd: preprocess
  insize=1565 outsize=409 ok=1
Cmd: preprocess
  insize=2725 outsize=488 ok=1
Cmd: preprocess
  insize=1399 outsize=360 ok=1
Cmd: preprocess
  insize=1998 outsize=537 ok=1
Cmd: preprocess
  insize=25844 outsize=6105 ok=1
Cmd: compileSnippet
  error: 1 plat 4 at (139): implicit truncation of vector type\nCompiling Vertex program with DIRECTIONAL SHADOWS_OFF LIGHTMAP_OFF DIRLIGHTMAP_OFF DYNAMICLIGHTMAP_OFF
  error: 2 plat 4 at (141): unrecognized identifier 'Unity_GlossyEnvironmentData'\nCompiling Vertex program with DIRECTIONAL SHADOWS_OFF LIGHTMAP_OFF DIRLIGHTMAP_OFF DYNAMICLIGHTMAP_OFF
  error: 2 plat 4 at (141): unrecognized identifier 'ugls_en_data'\nCompiling Vertex program with DIRECTIONAL SHADOWS_OFF LIGHTMAP_OFF DIRLIGHTMAP_OFF DYNAMICLIGHTMAP_OFF
  api=4 type=0 insize=8220 outsize=0 kw=DIRECTIONAL SHADOWS_OFF LIGHTMAP_OFF DIRLIGHTMAP_OFF DYNAMICLIGHTMAP_OFF ok=0
Cmd: preprocess
  insize=1533 outsize=392 ok=1
Cmd: preprocess
  insize=1395 outsize=356 ok=1
Cmd: preprocess
  insize=1062 outsize=301 ok=1
Cmd: preprocess
  insize=2743 outsize=488 ok=1
Cmd: preprocess
  insize=1173 outsize=329 ok=1
Cmd: preprocess
  insize=1557 outsize=403 ok=1
Cmd: preprocess
  insize=1521 outsize=395 ok=1
Cmd: preprocess
  insize=1508 outsize=393 ok=1
Cmd: preprocess
  insize=10066 outsize=4668 ok=1
Cmd: preprocess
  insize=1402 outsize=359 ok=1
Cmd: preprocess
  insize=1522 outsize=394 ok=1
Cmd: preprocess
  insize=1473 outsize=330 ok=1
Cmd: preprocess
  insize=1566 outsize=413 ok=1
Cmd: preprocess
  insize=1393 outsize=355 ok=1
Cmd: preprocess
  insize=2072 outsize=488 ok=1
Cmd: preprocess
  insize=2238 outsize=410 ok=1
Cmd: preprocess
  insize=21654 outsize=3659 ok=1
Cmd: compileSnippet
  error: 1 plat 4 at (130): implicit truncation of vector type\nCompiling Vertex program with DIRECTIONAL SHADOWS_OFF LIGHTMAP_OFF DIRLIGHTMAP_OFF DYNAMICLIGHTMAP_OFF
  error: 2 plat 4 at (140): unrecognized identifier 'Unity_GlossyEnvironmentData'\nCompiling Vertex program with DIRECTIONAL SHADOWS_OFF LIGHTMAP_OFF DIRLIGHTMAP_OFF DYNAMICLIGHTMAP_OFF
  error: 2 plat 4 at (140): unrecognized identifier 'ugls_en_data'\nCompiling Vertex program with DIRECTIONAL SHADOWS_OFF LIGHTMAP_OFF DIRLIGHTMAP_OFF DYNAMICLIGHTMAP_OFF
  api=4 type=0 insize=8870 outsize=0 kw=DIRECTIONAL SHADOWS_OFF LIGHTMAP_OFF DIRLIGHTMAP_OFF DYNAMICLIGHTMAP_OFF ok=0
Cmd: preprocess
  insize=1033 outsize=339 ok=1
Cmd: preprocess
  insize=1755 outsize=462 ok=1
Cmd: preprocess
  insize=1544 outsize=399 ok=1
Cmd: preprocess
  insize=1393 outsize=355 ok=1
Cmd: preprocess
  insize=1708 outsize=506 ok=1
Cmd: preprocess
  insize=1683 outsize=506 ok=1
Cmd: preprocess
  insize=2130 outsize=484 ok=1
Cmd: preprocess
  insize=1556 outsize=407 ok=1
Cmd: preprocess
  insize=1555 outsize=407 ok=1
Cmd: preprocess
  insize=1252 outsize=331 ok=1
Cmd: preprocess
  insize=1348 outsize=379 ok=1
Cmd: preprocess
  insize=1645 outsize=435 ok=1
Cmd: preprocess
  insize=1149 outsize=331 ok=1
Cmd: preprocess
  insize=2125 outsize=488 ok=1
Cmd: preprocess
  insize=1618 outsize=435 ok=1
Cmd: preprocess
  insize=1537 outsize=399 ok=1
Cmd: preprocess
  insize=1519 outsize=394 ok=1
Cmd: preprocess
  insize=1716 outsize=507 ok=1
Cmd: preprocess
  insize=1976 outsize=503 ok=1
Cmd: preprocess
  insize=1397 outsize=356 ok=1
Cmd: preprocess
  insize=1397 outsize=357 ok=1
Cmd: preprocess
  insize=1397 outsize=359 ok=1
Cmd: preprocess
  insize=1180 outsize=332 ok=1
Cmd: preprocess
  insize=2741 outsize=485 ok=1
Cmd: preprocess
  insize=1322 outsize=328 ok=1
Cmd: preprocess
  insize=1050 outsize=335 ok=1
Cmd: preprocess
  insize=1388 outsize=354 ok=1
Cmd: preprocess
  insize=1526 outsize=401 ok=1
Cmd: preprocess
  insize=1585 outsize=409 ok=1
Cmd: preprocess
  insize=1399 outsize=360 ok=1
Cmd: preprocess
  insize=2742 outsize=489 ok=1
Cmd: preprocess
  insize=1547 outsize=402 ok=1
Cmd: preprocess
  insize=2043 outsize=410 ok=1
Cmd: preprocess
  insize=1403 outsize=362 ok=1
Cmd: preprocess
  insize=2745 outsize=489 ok=1
Cmd: preprocess
  insize=1700 outsize=507 ok=1
Cmd: preprocess
  insize=1395 outsize=356 ok=1
Cmd: preprocess
  insize=2659 outsize=1771 ok=1
Cmd: preprocess
  insize=2640 outsize=620 ok=1
Cmd: preprocess
  insize=1593 outsize=453 ok=1
Cmd: preprocess
  insize=1997 outsize=481 ok=1
Cmd: preprocess
  insize=1469 outsize=330 ok=1
Cmd: preprocess
  insize=1512 outsize=395 ok=1
Cmd: preprocess
  insize=1545 outsize=412 ok=1
Cmd: preprocess
  insize=7753 outsize=5775 ok=1
Cmd: preprocess
  insize=1767 outsize=462 ok=1
Cmd: preprocess
  insize=1363 outsize=335 ok=1
Cmd: preprocess
  insize=1544 outsize=407 ok=1
Cmd: preprocess
  insize=1417 outsize=366 ok=1
Cmd: preprocess
  insize=1393 outsize=355 ok=1
Cmd: preprocess
  insize=1368 outsize=337 ok=1
Cmd: preprocess
  insize=1723 outsize=467 ok=1
Cmd: preprocess
  insize=1894 outsize=497 ok=1
Cmd: preprocess
  insize=1513 outsize=391 ok=1
Cmd: preprocess
  insize=1505 outsize=359 ok=1
Cmd: preprocess
  insize=1541 outsize=403 ok=1
Cmd: preprocess
  insize=1792 outsize=359 ok=1
Cmd: preprocess
  insize=2750 outsize=492 ok=1
Cmd: preprocess
  insize=24808 outsize=5181 ok=1
Cmd: compileSnippet
  error: 1 plat 4 at (138): implicit truncation of vector type\nCompiling Vertex program with DIRECTIONAL SHADOWS_OFF LIGHTMAP_OFF DIRLIGHTMAP_OFF DYNAMICLIGHTMAP_OFF
  error: 2 plat 4 at (140): unrecognized identifier 'Unity_GlossyEnvironmentData'\nCompiling Vertex program with DIRECTIONAL SHADOWS_OFF LIGHTMAP_OFF DIRLIGHTMAP_OFF DYNAMICLIGHTMAP_OFF
  error: 2 plat 4 at (140): unrecognized identifier 'ugls_en_data'\nCompiling Vertex program with DIRECTIONAL SHADOWS_OFF LIGHTMAP_OFF DIRLIGHTMAP_OFF DYNAMICLIGHTMAP_OFF
  api=4 type=0 insize=7991 outsize=0 kw=DIRECTIONAL SHADOWS_OFF LIGHTMAP_OFF DIRLIGHTMAP_OFF DYNAMICLIGHTMAP_OFF ok=0
Cmd: preprocess
  insize=1539 outsize=402 ok=1
Cmd: preprocess
  insize=3946 outsize=2307 ok=1
Cmd: preprocess
  insize=996 outsize=260 ok=1
Cmd: preprocess
  insize=12325 outsize=5398 ok=1
Cmd: preprocess
  insize=1523 outsize=394 ok=1
Cmd: preprocess
  insize=1395 outsize=355 ok=1
Cmd: preprocess
  insize=1653 outsize=438 ok=1
Cmd: preprocess
  insize=1691 outsize=328 ok=1
Cmd: preprocess
  insize=1548 outsize=411 ok=1
Cmd: preprocess
  insize=1543 outsize=407 ok=1
Cmd: preprocess
  insize=1381 outsize=334 ok=1
Cmd: preprocess
  insize=2055 outsize=488 ok=1
Cmd: preprocess
  insize=1640 outsize=426 ok=1
Cmd: preprocess
  insize=1509 outsize=392 ok=1
Cmd: preprocess
  insize=1397 outsize=356 ok=1
Cmd: preprocess
  insize=1742 outsize=488 ok=1
Cmd: preprocess
  insize=1555 outsize=410 ok=1
Cmd: preprocess
  insize=1327 outsize=326 ok=1
Cmd: preprocess
  insize=1804 outsize=491 ok=1
Cmd: preprocess
  insize=1514 outsize=396 ok=1
Cmd: preprocess
  insize=1312 outsize=341 ok=1
